0 info it worked if it ends with ok
1 verbose cli [ '/home/maciej/.nvm/versions/node/v4.8.5/bin/node',
1 verbose cli   '/home/maciej/.nvm/versions/node/v4.8.5/bin/npm',
1 verbose cli   'run',
1 verbose cli   'server' ]
2 info using npm@2.15.11
3 info using node@v4.8.5
4 verbose run-script [ 'preserver', 'server', 'postserver' ]
5 info preserver angular-webpack-workflow@1.1.0
6 info server angular-webpack-workflow@1.1.0
7 verbose unsafe-perm in lifecycle true
8 info angular-webpack-workflow@1.1.0 Failed to exec server script
9 verbose stack Error: angular-webpack-workflow@1.1.0 server: `webpack-dev-server --history-api-fallback --inline --progress`
9 verbose stack Exit status 134
9 verbose stack     at EventEmitter.<anonymous> (/home/maciej/.nvm/versions/node/v4.8.5/lib/node_modules/npm/lib/utils/lifecycle.js:217:16)
9 verbose stack     at emitTwo (events.js:87:13)
9 verbose stack     at EventEmitter.emit (events.js:172:7)
9 verbose stack     at ChildProcess.<anonymous> (/home/maciej/.nvm/versions/node/v4.8.5/lib/node_modules/npm/lib/utils/spawn.js:24:14)
9 verbose stack     at emitTwo (events.js:87:13)
9 verbose stack     at ChildProcess.emit (events.js:172:7)
9 verbose stack     at maybeClose (internal/child_process.js:862:16)
9 verbose stack     at Process.ChildProcess._handle.onexit (internal/child_process.js:222:5)
10 verbose pkgid angular-webpack-workflow@1.1.0
11 verbose cwd /home/maciej/Code/private/game-web
12 error Linux 4.13.0-26-generic
13 error argv "/home/maciej/.nvm/versions/node/v4.8.5/bin/node" "/home/maciej/.nvm/versions/node/v4.8.5/bin/npm" "run" "server"
14 error node v4.8.5
15 error npm  v2.15.11
16 error code ELIFECYCLE
17 error angular-webpack-workflow@1.1.0 server: `webpack-dev-server --history-api-fallback --inline --progress`
17 error Exit status 134
18 error Failed at the angular-webpack-workflow@1.1.0 server script 'webpack-dev-server --history-api-fallback --inline --progress'.
18 error This is most likely a problem with the angular-webpack-workflow package,
18 error not with npm itself.
18 error Tell the author that this fails on your system:
18 error     webpack-dev-server --history-api-fallback --inline --progress
18 error You can get information on how to open an issue for this project with:
18 error     npm bugs angular-webpack-workflow
18 error Or if that isn't available, you can get their info via:
18 error
18 error     npm owner ls angular-webpack-workflow
18 error There is likely additional logging output above.
19 verbose exit [ 1, true ]
